# JRE version: Java(TM) SE Runtime Environment (17.0.2+8) (build 17.0.2+8-LTS-86)
# Java VM: Java HotSpot(TM) 64-Bit Server VM (17.0.2+8-LTS-86, mixed mode, sharing, tiered, compressed oops, compressed class ptrs, g1 gc, windows-amd64)
GC Precious Log:
 CPUs: 2 total, 2 available
 Memory: 8191M
 Large Page Support: Disabled
 NUMA Support: Disabled
 Compressed Oops: Enabled (32-bit)
 Heap Region Size: 1M
 Heap Min Capacity: 8M
 Heap Initial Capacity: 128M
 Heap Max Capacity: 2G
 Pre-touch: Disabled
 Parallel Workers: 2
 Concurrent Workers: 1
 Concurrent Refinement Workers: 2
 Periodic GC: Disabled
Heap:
 garbage-first heap   total 110592K, used 58459K [0x0000000080000000, 0x0000000100000000)
  region size 1024K, 41 young (41984K), 3 survivors (3072K)
 Metaspace       used 41128K, committed 41536K, reserved 1089536K
  class space    used 5291K, committed 5504K, reserved 1048576K
GC Heap History (20 events):
Event: 13.723 GC heap before
{Heap before GC invocations=10 (full 0):
 garbage-first heap   total 65536K, used 21719K [0x0000000080000000, 0x0000000100000000)
  region size 1024K, 11 young (11264K), 3 survivors (3072K)
 Metaspace       used 35716K, committed 35968K, reserved 1081344K
  class space    used 4784K, committed 4928K, reserved 1048576K
}
Event: 13.735 GC heap after
{Heap after GC invocations=11 (full 0):
 garbage-first heap   total 65536K, used 14815K [0x0000000080000000, 0x0000000100000000)
  region size 1024K, 3 young (3072K), 3 survivors (3072K)
 Metaspace       used 35716K, committed 35968K, reserved 1081344K
  class space    used 4784K, committed 4928K, reserved 1048576K
}
Event: 15.405 GC heap before
{Heap before GC invocations=12 (full 0):
 garbage-first heap   total 55296K, used 44511K [0x0000000080000000, 0x0000000100000000)
  region size 1024K, 32 young (32768K), 3 survivors (3072K)
 Metaspace       used 38589K, committed 38912K, reserved 1089536K
  class space    used 5171K, committed 5312K, reserved 1048576K
}
Event: 15.421 GC heap after
{Heap after GC invocations=13 (full 0):
 garbage-first heap   total 55296K, used 16540K [0x0000000080000000, 0x0000000100000000)
  region size 1024K, 3 young (3072K), 3 survivors (3072K)
 Metaspace       used 38589K, committed 38912K, reserved 1089536K
  class space    used 5171K, committed 5312K, reserved 1048576K
}
Event: 15.440 GC heap before
{Heap before GC invocations=13 (full 0):
 garbage-first heap   total 55296K, used 17564K [0x0000000080000000, 0x0000000100000000)
  region size 1024K, 4 young (4096K), 3 survivors (3072K)
 Metaspace       used 38589K, committed 38912K, reserved 1089536K
  class space    used 5171K, committed 5312K, reserved 1048576K
}
Event: 15.454 GC heap after
{Heap after GC invocations=14 (full 0):
 garbage-first heap   total 55296K, used 16650K [0x0000000080000000, 0x0000000100000000)
  region size 1024K, 1 young (1024K), 1 survivors (1024K)
 Metaspace       used 38589K, committed 38912K, reserved 1089536K
  class space    used 5171K, committed 5312K, reserved 1048576K
}
Event: 16.579 GC heap before
{Heap before GC invocations=14 (full 0):
 garbage-first heap   total 55296K, used 40202K [0x0000000080000000, 0x0000000100000000)
  region size 1024K, 24 young (24576K), 1 survivors (1024K)
 Metaspace       used 38955K, committed 39296K, reserved 1089536K
  class space    used 5216K, committed 5376K, reserved 1048576K
}
Event: 16.584 GC heap after
{Heap after GC invocations=15 (full 0):
 garbage-first heap   total 55296K, used 16942K [0x0000000080000000, 0x0000000100000000)
  region size 1024K, 1 young (1024K), 1 survivors (1024K)
 Metaspace       used 38955K, committed 39296K, reserved 1089536K
  class space    used 5216K, committed 5376K, reserved 1048576K
}
Event: 18.911 GC heap before
{Heap before GC invocations=15 (full 0):
 garbage-first heap   total 55296K, used 41518K [0x0000000080000000, 0x0000000100000000)
  region size 1024K, 25 young (25600K), 1 survivors (1024K)
 Metaspace       used 39503K, committed 39808K, reserved 1089536K
  class space    used 5232K, committed 5376K, reserved 1048576K
}
Event: 18.921 GC heap after
{Heap after GC invocations=16 (full 0):
 garbage-first heap   total 55296K, used 18500K [0x0000000080000000, 0x0000000100000000)
  region size 1024K, 3 young (3072K), 3 survivors (3072K)
 Metaspace       used 39503K, committed 39808K, reserved 1089536K
  class space    used 5232K, committed 5376K, reserved 1048576K
}
Event: 19.461 GC heap before
{Heap before GC invocations=16 (full 0):
 garbage-first heap   total 55296K, used 42052K [0x0000000080000000, 0x0000000100000000)
  region size 1024K, 26 young (26624K), 3 survivors (3072K)
 Metaspace       used 39695K, committed 40128K, reserved 1089536K
  class space    used 5244K, committed 5440K, reserved 1048576K
}
Event: 19.472 GC heap after
{Heap after GC invocations=17 (full 0):
 garbage-first heap   total 55296K, used 19276K [0x0000000080000000, 0x0000000100000000)
  region size 1024K, 3 young (3072K), 3 survivors (3072K)
 Metaspace       used 39695K, committed 40128K, reserved 1089536K
  class space    used 5244K, committed 5440K, reserved 1048576K
}
Event: 21.138 GC heap before
{Heap before GC invocations=17 (full 0):
 garbage-first heap   total 55296K, used 42828K [0x0000000080000000, 0x0000000100000000)
  region size 1024K, 26 young (26624K), 3 survivors (3072K)
 Metaspace       used 39986K, committed 40320K, reserved 1089536K
  class space    used 5257K, committed 5440K, reserved 1048576K
}
Event: 21.153 GC heap after
{Heap after GC invocations=18 (full 0):
 garbage-first heap   total 55296K, used 19536K [0x0000000080000000, 0x0000000100000000)
  region size 1024K, 2 young (2048K), 2 survivors (2048K)
 Metaspace       used 39986K, committed 40320K, reserved 1089536K
  class space    used 5257K, committed 5440K, reserved 1048576K
}
Event: 21.891 GC heap before
{Heap before GC invocations=18 (full 0):
 garbage-first heap   total 55296K, used 43088K [0x0000000080000000, 0x0000000100000000)
  region size 1024K, 25 young (25600K), 2 survivors (2048K)
 Metaspace       used 40174K, committed 40512K, reserved 1089536K
  class space    used 5263K, committed 5440K, reserved 1048576K
}
Event: 21.900 GC heap after
{Heap after GC invocations=19 (full 0):
 garbage-first heap   total 55296K, used 20090K [0x0000000080000000, 0x0000000100000000)
  region size 1024K, 3 young (3072K), 3 survivors (3072K)
 Metaspace       used 40174K, committed 40512K, reserved 1089536K
  class space    used 5263K, committed 5440K, reserved 1048576K
}
Event: 22.211 GC heap before
{Heap before GC invocations=19 (full 0):
 garbage-first heap   total 55296K, used 42618K [0x0000000080000000, 0x0000000100000000)
  region size 1024K, 25 young (25600K), 3 survivors (3072K)
 Metaspace       used 40346K, committed 40832K, reserved 1089536K
  class space    used 5271K, committed 5504K, reserved 1048576K
}
Event: 22.216 GC heap after
{Heap after GC invocations=20 (full 0):
 garbage-first heap   total 55296K, used 19060K [0x0000000080000000, 0x0000000100000000)
  region size 1024K, 1 young (1024K), 1 survivors (1024K)
 Metaspace       used 40346K, committed 40832K, reserved 1089536K
  class space    used 5271K, committed 5504K, reserved 1048576K
}
Event: 23.479 GC heap before
{Heap before GC invocations=20 (full 0):
 garbage-first heap   total 55296K, used 44660K [0x0000000080000000, 0x0000000100000000)
  region size 1024K, 26 young (26624K), 1 survivors (1024K)
 Metaspace       used 40809K, committed 41216K, reserved 1089536K
  class space    used 5290K, committed 5504K, reserved 1048576K
}
Event: 23.497 GC heap after
{Heap after GC invocations=21 (full 0):
 garbage-first heap   total 110592K, used 20571K [0x0000000080000000, 0x0000000100000000)
  region size 1024K, 3 young (3072K), 3 survivors (3072K)
 Metaspace       used 40809K, committed 41216K, reserved 1089536K
  class space    used 5290K, committed 5504K, reserved 1048576K
}

